*** Using Compiler 'V5.06 update 6 (build 750)', folder: 'D:\keil\Keil MDK\core\ARM\ARMCC\Bin'
Rebuild target 'STM32F103'
assembling startup_stm32f10x_md.s...
compiling misc.c...
compiling core_cm3.c...
compiling stm32f10x_rcc.c...
compiling system_stm32f10x.c...
compiling stm32f10x_cec.c...
compiling stm32f10x_dac.c...
compiling stm32f10x_crc.c...
compiling stm32f10x_can.c...
compiling stm32f10x_adc.c...
compiling stm32f10x_iwdg.c...
compiling stm32f10x_dbgmcu.c...
compiling stm32f10x_dma.c...
compiling stm32f10x_usart.c...
compiling stm32f10x_sdio.c...
compiling stm32f10x_pwr.c...
compiling Broker.c...
compiling stm32f10x_wwdg.c...
compiling stm32f10x_fsmc.c...
compiling MqttKit.c...
compiling delay.c...
compiling stm32f10x_spi.c...
compiling stm32f10x_gpio.c...
compiling cJSON.c...
NET\CJSON\cJSON.c(55): warning:  #1293-D: assignment in condition
        if (!(copy = (char*)cJSON_malloc(len))) return 0;
NET\CJSON\cJSON.c(278): warning:  #1293-D: assignment in condition
  	ptr=str;while ((token=*ptr) && ++len) {if (strchr("\"\\\b\f\n\r\t",token)) len++; else if (token<32) len+=5;ptr++;}
NET\CJSON\cJSON.c(352): warning:  #111-D: statement is unreachable
  	return p.buffer;
NET\CJSON\cJSON.c(423): warning:  #1293-D: assignment in condition
  		if (!(new_item=cJSON_New_Item())) return 0; 	/* memory fail */
NET\CJSON\cJSON.c(535): warning:  #1293-D: assignment in condition
  		if (!(new_item=cJSON_New_Item()))	return 0; /* memory fail */
NET\CJSON\cJSON.c: 5 warnings, 0 errors
compiling stm32f10x_rtc.c...
compiling stm32f10x_exti.c...
compiling usart.c...
compiling stm32f10x_bkp.c...
compiling stm32f10x_tim.c...
compiling stm32f10x_flash.c...
compiling stm32f10x_it.c...
compiling esp8266.c...
compiling Flash.c...
compiling RFID.c...
compiling Timer.c...
compiling OLED.c...
compiling stm32f10x_i2c.c...
compiling main.c...
linking...
Program Size: Code=42352 RO-data=5296 RW-data=120 ZI-data=7208  
FromELF: creating hex file...
".\output\stm32f103.axf" - 0 Error(s), 5 Warning(s).
Build Time Elapsed:  00:00:04
